<?xml version="1.0" encoding="UTF-8"?>
<testng-results skipped="0" failed="0" ignored="0" total="1" passed="1">
  <reporter-output>
  </reporter-output>
  <suite name="Default suite" duration-ms="90" started-at="2019-12-27T20:46:48 IST" finished-at="2019-12-27T20:46:48 IST">
    <groups>
    </groups>
    <test name="Default test" duration-ms="90" started-at="2019-12-27T20:46:48 IST" finished-at="2019-12-27T20:46:48 IST">
      <class name="com.programme.String_Paste">
        <test-method status="PASS" signature="printStringName()[pri:0, instance:com.programme.String_Paste@627551fb]" name="printStringName" duration-ms="23" started-at="2019-12-27T20:46:48 IST" finished-at="2019-12-27T20:46:48 IST">
          <reporter-output>
          </reporter-output>
        </test-method> <!-- printStringName -->
      </class> <!-- com.programme.String_Paste -->
    </test> <!-- Default test -->
  </suite> <!-- Default suite -->
</testng-results>
