<?xml version="1.0" encoding="UTF-8"?>
<testng-results skipped="0" failed="0" total="1" passed="1">
  <reporter-output>
  </reporter-output>
  <suite name="Default suite" duration-ms="22243" started-at="2018-07-21T07:22:13Z" finished-at="2018-07-21T07:22:35Z">
    <groups>
    </groups>
    <test name="Default test" duration-ms="22243" started-at="2018-07-21T07:22:13Z" finished-at="2018-07-21T07:22:35Z">
      <class name="m18012018.MultipleWindows">
        <test-method status="PASS" signature="windows()[pri:0, instance:m18012018.MultipleWindows@6d78f375]" name="windows" duration-ms="22228" started-at="2018-07-21T00:22:13Z" finished-at="2018-07-21T00:22:35Z">
          <reporter-output>
          </reporter-output>
        </test-method> <!-- windows -->
      </class> <!-- m18012018.MultipleWindows -->
    </test> <!-- Default test -->
  </suite> <!-- Default suite -->
</testng-results>
