<?xml version="1.0" encoding="UTF-8"?>
<testng-results skipped="0" failed="1" total="2" passed="1">
  <reporter-output>
  </reporter-output>
  <suite name="Suite" duration-ms="142886" started-at="2018-06-12T19:44:08Z" finished-at="2018-06-12T19:46:31Z">
    <groups>
    </groups>
    <test name="Test" duration-ms="142886" started-at="2018-06-12T19:44:08Z" finished-at="2018-06-12T19:46:31Z">
      <class name="Jenkins.JenkinsDemo">
        <test-method status="FAIL" signature="testJenkins()[pri:0, instance:Jenkins.JenkinsDemo@18e8568]" name="testJenkins" duration-ms="87851" started-at="2018-06-13T01:14:08Z" finished-at="2018-06-13T01:15:36Z">
          <exception class="org.openqa.selenium.WebDriverException">
            <message>
              <![CDATA[Failed to connect to binary FirefoxBinary(C:\Program Files (x86)\Mozilla Firefox\firefox.exe) on port 7055; process output follows: 
17844	DeferredSave.extensions.json	DEBUG	Save changes
1528832717845	addons.xpi	DEBUG	Updating XPIState for {"id":"fxdriver@googlecode.com","syncGUID":"yRrfou6i81dU","location":"app-profile","version":"2.53.1","type":"extension","internalName":null,"updateURL":null,"updateKey":null,"optionsURL":null,"optionsType":null,"aboutURL":null,"iconURL":null,"icon64URL":null,"defaultLocale":{"name":"Firefox WebDriver","description":"WebDriver implementation for Firefox","creator":"Simon Stewart","homepageURL":null},"visible":true,"active":true,"userDisabled":false,"appDisabled":false,"descriptor":"C:\\Windows\\TEMP\\anonymous2347438617641381213webdriver-profile\\extensions\\fxdriver@googlecode.com","installDate":1528832681017,"updateDate":1528832681017,"applyBackgroundUpdates":1,"bootstrap":false,"size":3249525,"sourceURI":null,"releaseNotesURI":null,"softDisabled":false,"foreignInstall":true,"hasBinaryComponents":true,"strictCompatibility":false,"locales":[],"targetApplications":[{"id":"{ec8030f7-c20a-464f-9b0e-13a3a9e97384}","minVersion":"3.0","maxVersion":"48.0"}],"targetPlatforms":[{"os":"Darwin","abi":null},{"os":"SunOS","abi":null},{"os":"FreeBSD","abi":null},{"os":"OpenBSD","abi":null},{"os":"WINNT","abi":null},{"os":"Linux","abi":null}],"multiprocessCompatible":false,"signedState":0}
1528832717845	addons.xpi	DEBUG	getModTime: Recursive scan of fxdriver@googlecode.com
1528832717854	addons.xpi	DEBUG	New add-on {972ce4c6-7e08-4474-a285-3208198ce6fd} installed in app-global
1528832717862	DeferredSave.extensions.json	DEBUG	Starting timer
1528832717864	addons.xpi-utils	DEBUG	Make addon app-global:{972ce4c6-7e08-4474-a285-3208198ce6fd} visible
1528832717864	DeferredSave.extensions.json	DEBUG	Save changes
1528832717864	DeferredSave.extensions.json	DEBUG	Save changes
1528832717864	addons.xpi	DEBUG	Updating XPIState for {"id":"{972ce4c6-7e08-4474-a285-3208198ce6fd}","syncGUID":"8Idt17rkZ7J7","location":"app-global","version":"41.0","type":"theme","internalName":"classic/1.0","updateURL":null,"updateKey":null,"optionsURL":null,"optionsType":null,"aboutURL":null,"iconURL":null,"icon64URL":null,"defaultLocale":{"name":"Default","description":"The default theme.","creator":"Mozilla","homepageURL":null,"contributors":["Mozilla Contributors"]},"visible":true,"active":true,"userDisabled":false,"appDisabled":false,"descriptor":"C:\\Program Files (x86)\\Mozilla Firefox\\browser\\extensions\\{972ce4c6-7e08-4474-a285-3208198ce6fd}","installDate":1520852221814,"updateDate":1520852221814,"applyBackgroundUpdates":1,"skinnable":true,"size":22981,"sourceURI":null,"releaseNotesURI":null,"softDisabled":false,"foreignInstall":false,"hasBinaryComponents":false,"strictCompatibility":true,"locales":[],"targetApplications":[{"id":"{ec8030f7-c20a-464f-9b0e-13a3a9e97384}","minVersion":"41.0","maxVersion":"41.0"}],"targetPlatforms":[]}
1528832717864	addons.xpi	DEBUG	getModTime: Recursive scan of {972ce4c6-7e08-4474-a285-3208198ce6fd}
1528832717865	addons.xpi	DEBUG	Updating database with changes to installed add-ons
1528832717865	addons.xpi-utils	DEBUG	Updating add-on states
1528832717866	addons.xpi-utils	DEBUG	Writing add-ons list
1528832717875	addons.manager	DEBUG	Registering shutdown blocker for XPIProvider
1528832717875	addons.manager	DEBUG	Provider finished startup: XPIProvider
1528832717875	addons.manager	DEBUG	Starting provider: LightweightThemeManager
1528832717875	addons.manager	DEBUG	Registering shutdown blocker for LightweightThemeManager
1528832717875	addons.manager	DEBUG	Provider finished startup: LightweightThemeManager
1528832717876	addons.manager	DEBUG	Starting provider: GMPProvider
1528832717880	addons.manager	DEBUG	Registering shutdown blocker for GMPProvider
1528832717880	addons.manager	DEBUG	Provider finished startup: GMPProvider
1528832717880	addons.manager	DEBUG	Starting provider: PluginProvider
1528832717880	addons.manager	DEBUG	Registering shutdown blocker for PluginProvider
1528832717880	addons.manager	DEBUG	Provider finished startup: PluginProvider
1528832717881	addons.manager	DEBUG	Completed startup sequence

Build info: version: '2.53.1', revision: 'a36b8b1', time: '2016-06-30 17:37:03'
System info: host: 'Kaibalya', ip: '192.168.100.15', os.name: 'Windows 8.1', os.arch: 'amd64', os.version: '6.3', java.version: '1.8.0_131'
Driver info: driver.version: FirefoxDriver]]>
            </message>
            <full-stacktrace>
              <![CDATA[org.openqa.selenium.WebDriverException: Failed to connect to binary FirefoxBinary(C:\Program Files (x86)\Mozilla Firefox\firefox.exe) on port 7055; process output follows: 
17844	DeferredSave.extensions.json	DEBUG	Save changes
1528832717845	addons.xpi	DEBUG	Updating XPIState for {"id":"fxdriver@googlecode.com","syncGUID":"yRrfou6i81dU","location":"app-profile","version":"2.53.1","type":"extension","internalName":null,"updateURL":null,"updateKey":null,"optionsURL":null,"optionsType":null,"aboutURL":null,"iconURL":null,"icon64URL":null,"defaultLocale":{"name":"Firefox WebDriver","description":"WebDriver implementation for Firefox","creator":"Simon Stewart","homepageURL":null},"visible":true,"active":true,"userDisabled":false,"appDisabled":false,"descriptor":"C:\\Windows\\TEMP\\anonymous2347438617641381213webdriver-profile\\extensions\\fxdriver@googlecode.com","installDate":1528832681017,"updateDate":1528832681017,"applyBackgroundUpdates":1,"bootstrap":false,"size":3249525,"sourceURI":null,"releaseNotesURI":null,"softDisabled":false,"foreignInstall":true,"hasBinaryComponents":true,"strictCompatibility":false,"locales":[],"targetApplications":[{"id":"{ec8030f7-c20a-464f-9b0e-13a3a9e97384}","minVersion":"3.0","maxVersion":"48.0"}],"targetPlatforms":[{"os":"Darwin","abi":null},{"os":"SunOS","abi":null},{"os":"FreeBSD","abi":null},{"os":"OpenBSD","abi":null},{"os":"WINNT","abi":null},{"os":"Linux","abi":null}],"multiprocessCompatible":false,"signedState":0}
1528832717845	addons.xpi	DEBUG	getModTime: Recursive scan of fxdriver@googlecode.com
1528832717854	addons.xpi	DEBUG	New add-on {972ce4c6-7e08-4474-a285-3208198ce6fd} installed in app-global
1528832717862	DeferredSave.extensions.json	DEBUG	Starting timer
1528832717864	addons.xpi-utils	DEBUG	Make addon app-global:{972ce4c6-7e08-4474-a285-3208198ce6fd} visible
1528832717864	DeferredSave.extensions.json	DEBUG	Save changes
1528832717864	DeferredSave.extensions.json	DEBUG	Save changes
1528832717864	addons.xpi	DEBUG	Updating XPIState for {"id":"{972ce4c6-7e08-4474-a285-3208198ce6fd}","syncGUID":"8Idt17rkZ7J7","location":"app-global","version":"41.0","type":"theme","internalName":"classic/1.0","updateURL":null,"updateKey":null,"optionsURL":null,"optionsType":null,"aboutURL":null,"iconURL":null,"icon64URL":null,"defaultLocale":{"name":"Default","description":"The default theme.","creator":"Mozilla","homepageURL":null,"contributors":["Mozilla Contributors"]},"visible":true,"active":true,"userDisabled":false,"appDisabled":false,"descriptor":"C:\\Program Files (x86)\\Mozilla Firefox\\browser\\extensions\\{972ce4c6-7e08-4474-a285-3208198ce6fd}","installDate":1520852221814,"updateDate":1520852221814,"applyBackgroundUpdates":1,"skinnable":true,"size":22981,"sourceURI":null,"releaseNotesURI":null,"softDisabled":false,"foreignInstall":false,"hasBinaryComponents":false,"strictCompatibility":true,"locales":[],"targetApplications":[{"id":"{ec8030f7-c20a-464f-9b0e-13a3a9e97384}","minVersion":"41.0","maxVersion":"41.0"}],"targetPlatforms":[]}
1528832717864	addons.xpi	DEBUG	getModTime: Recursive scan of {972ce4c6-7e08-4474-a285-3208198ce6fd}
1528832717865	addons.xpi	DEBUG	Updating database with changes to installed add-ons
1528832717865	addons.xpi-utils	DEBUG	Updating add-on states
1528832717866	addons.xpi-utils	DEBUG	Writing add-ons list
1528832717875	addons.manager	DEBUG	Registering shutdown blocker for XPIProvider
1528832717875	addons.manager	DEBUG	Provider finished startup: XPIProvider
1528832717875	addons.manager	DEBUG	Starting provider: LightweightThemeManager
1528832717875	addons.manager	DEBUG	Registering shutdown blocker for LightweightThemeManager
1528832717875	addons.manager	DEBUG	Provider finished startup: LightweightThemeManager
1528832717876	addons.manager	DEBUG	Starting provider: GMPProvider
1528832717880	addons.manager	DEBUG	Registering shutdown blocker for GMPProvider
1528832717880	addons.manager	DEBUG	Provider finished startup: GMPProvider
1528832717880	addons.manager	DEBUG	Starting provider: PluginProvider
1528832717880	addons.manager	DEBUG	Registering shutdown blocker for PluginProvider
1528832717880	addons.manager	DEBUG	Provider finished startup: PluginProvider
1528832717881	addons.manager	DEBUG	Completed startup sequence

Build info: version: '2.53.1', revision: 'a36b8b1', time: '2016-06-30 17:37:03'
System info: host: 'Kaibalya', ip: '192.168.100.15', os.name: 'Windows 8.1', os.arch: 'amd64', os.version: '6.3', java.version: '1.8.0_131'
Driver info: driver.version: FirefoxDriver
	at org.openqa.selenium.firefox.internal.NewProfileExtensionConnection.start(NewProfileExtensionConnection.java:124)
	at org.openqa.selenium.firefox.FirefoxDriver.startClient(FirefoxDriver.java:271)
	at org.openqa.selenium.remote.RemoteWebDriver.<init>(RemoteWebDriver.java:119)
	at org.openqa.selenium.firefox.FirefoxDriver.<init>(FirefoxDriver.java:218)
	at org.openqa.selenium.firefox.FirefoxDriver.<init>(FirefoxDriver.java:211)
	at org.openqa.selenium.firefox.FirefoxDriver.<init>(FirefoxDriver.java:207)
	at org.openqa.selenium.firefox.FirefoxDriver.<init>(FirefoxDriver.java:120)
	at Jenkins.JenkinsDemo.testJenkins(JenkinsDemo.java:13)
	at sun.reflect.NativeMethodAccessorImpl.invoke0(Native Method)
	at sun.reflect.NativeMethodAccessorImpl.invoke(Unknown Source)
	at sun.reflect.DelegatingMethodAccessorImpl.invoke(Unknown Source)
	at java.lang.reflect.Method.invoke(Unknown Source)
	at org.testng.internal.MethodInvocationHelper.invokeMethod(MethodInvocationHelper.java:85)
	at org.testng.internal.Invoker.invokeMethod(Invoker.java:639)
	at org.testng.internal.Invoker.invokeTestMethod(Invoker.java:816)
	at org.testng.internal.Invoker.invokeTestMethods(Invoker.java:1124)
	at org.testng.internal.TestMethodWorker.invokeTestMethods(TestMethodWorker.java:125)
	at org.testng.internal.TestMethodWorker.run(TestMethodWorker.java:108)
	at org.testng.TestRunner.privateRun(TestRunner.java:774)
	at org.testng.TestRunner.run(TestRunner.java:624)
	at org.testng.SuiteRunner.runTest(SuiteRunner.java:359)
	at org.testng.SuiteRunner.runSequentially(SuiteRunner.java:354)
	at org.testng.SuiteRunner.privateRun(SuiteRunner.java:312)
	at org.testng.SuiteRunner.run(SuiteRunner.java:261)
	at org.testng.SuiteRunnerWorker.runSuite(SuiteRunnerWorker.java:52)
	at org.testng.SuiteRunnerWorker.run(SuiteRunnerWorker.java:86)
	at org.testng.TestNG.runSuitesSequentially(TestNG.java:1215)
	at org.testng.TestNG.runSuitesLocally(TestNG.java:1140)
	at org.testng.TestNG.run(TestNG.java:1048)
	at org.testng.TestNG.privateMain(TestNG.java:1355)
	at org.testng.TestNG.main(TestNG.java:1324)
Caused by: org.openqa.selenium.firefox.NotConnectedException: Unable to connect to host 127.0.0.1 on port 7055 after 45000 ms. Firefox console output:
17844	DeferredSave.extensions.json	DEBUG	Save changes
1528832717845	addons.xpi	DEBUG	Updating XPIState for {"id":"fxdriver@googlecode.com","syncGUID":"yRrfou6i81dU","location":"app-profile","version":"2.53.1","type":"extension","internalName":null,"updateURL":null,"updateKey":null,"optionsURL":null,"optionsType":null,"aboutURL":null,"iconURL":null,"icon64URL":null,"defaultLocale":{"name":"Firefox WebDriver","description":"WebDriver implementation for Firefox","creator":"Simon Stewart","homepageURL":null},"visible":true,"active":true,"userDisabled":false,"appDisabled":false,"descriptor":"C:\\Windows\\TEMP\\anonymous2347438617641381213webdriver-profile\\extensions\\fxdriver@googlecode.com","installDate":1528832681017,"updateDate":1528832681017,"applyBackgroundUpdates":1,"bootstrap":false,"size":3249525,"sourceURI":null,"releaseNotesURI":null,"softDisabled":false,"foreignInstall":true,"hasBinaryComponents":true,"strictCompatibility":false,"locales":[],"targetApplications":[{"id":"{ec8030f7-c20a-464f-9b0e-13a3a9e97384}","minVersion":"3.0","maxVersion":"48.0"}],"targetPlatforms":[{"os":"Darwin","abi":null},{"os":"SunOS","abi":null},{"os":"FreeBSD","abi":null},{"os":"OpenBSD","abi":null},{"os":"WINNT","abi":null},{"os":"Linux","abi":null}],"multiprocessCompatible":false,"signedState":0}
1528832717845	addons.xpi	DEBUG	getModTime: Recursive scan of fxdriver@googlecode.com
1528832717854	addons.xpi	DEBUG	New add-on {972ce4c6-7e08-4474-a285-3208198ce6fd} installed in app-global
1528832717862	DeferredSave.extensions.json	DEBUG	Starting timer
1528832717864	addons.xpi-utils	DEBUG	Make addon app-global:{972ce4c6-7e08-4474-a285-3208198ce6fd} visible
1528832717864	DeferredSave.extensions.json	DEBUG	Save changes
1528832717864	DeferredSave.extensions.json	DEBUG	Save changes
1528832717864	addons.xpi	DEBUG	Updating XPIState for {"id":"{972ce4c6-7e08-4474-a285-3208198ce6fd}","syncGUID":"8Idt17rkZ7J7","location":"app-global","version":"41.0","type":"theme","internalName":"classic/1.0","updateURL":null,"updateKey":null,"optionsURL":null,"optionsType":null,"aboutURL":null,"iconURL":null,"icon64URL":null,"defaultLocale":{"name":"Default","description":"The default theme.","creator":"Mozilla","homepageURL":null,"contributors":["Mozilla Contributors"]},"visible":true,"active":true,"userDisabled":false,"appDisabled":false,"descriptor":"C:\\Program Files (x86)\\Mozilla Firefox\\browser\\extensions\\{972ce4c6-7e08-4474-a285-3208198ce6fd}","installDate":1520852221814,"updateDate":1520852221814,"applyBackgroundUpdates":1,"skinnable":true,"size":22981,"sourceURI":null,"releaseNotesURI":null,"softDisabled":false,"foreignInstall":false,"hasBinaryComponents":false,"strictCompatibility":true,"locales":[],"targetApplications":[{"id":"{ec8030f7-c20a-464f-9b0e-13a3a9e97384}","minVersion":"41.0","maxVersion":"41.0"}],"targetPlatforms":[]}
1528832717864	addons.xpi	DEBUG	getModTime: Recursive scan of {972ce4c6-7e08-4474-a285-3208198ce6fd}
1528832717865	addons.xpi	DEBUG	Updating database with changes to installed add-ons
1528832717865	addons.xpi-utils	DEBUG	Updating add-on states
1528832717866	addons.xpi-utils	DEBUG	Writing add-ons list
1528832717875	addons.manager	DEBUG	Registering shutdown blocker for XPIProvider
1528832717875	addons.manager	DEBUG	Provider finished startup: XPIProvider
1528832717875	addons.manager	DEBUG	Starting provider: LightweightThemeManager
1528832717875	addons.manager	DEBUG	Registering shutdown blocker for LightweightThemeManager
1528832717875	addons.manager	DEBUG	Provider finished startup: LightweightThemeManager
1528832717876	addons.manager	DEBUG	Starting provider: GMPProvider
1528832717880	addons.manager	DEBUG	Registering shutdown blocker for GMPProvider
1528832717880	addons.manager	DEBUG	Provider finished startup: GMPProvider
1528832717880	addons.manager	DEBUG	Starting provider: PluginProvider
1528832717880	addons.manager	DEBUG	Registering shutdown blocker for PluginProvider
1528832717880	addons.manager	DEBUG	Provider finished startup: PluginProvider
1528832717881	addons.manager	DEBUG	Completed startup sequence

	at org.openqa.selenium.firefox.internal.NewProfileExtensionConnection.start(NewProfileExtensionConnection.java:112)
	... 30 more
]]>
            </full-stacktrace>
          </exception> <!-- org.openqa.selenium.WebDriverException -->
          <reporter-output>
          </reporter-output>
        </test-method> <!-- testJenkins -->
      </class> <!-- Jenkins.JenkinsDemo -->
      <class name="Jenkins.JenkinSelenium">
        <test-method status="PASS" signature="Jenkins()[pri:0, instance:Jenkins.JenkinSelenium@270421f5]" name="Jenkins" duration-ms="55018" started-at="2018-06-13T01:15:36Z" finished-at="2018-06-13T01:16:31Z">
          <reporter-output>
          </reporter-output>
        </test-method> <!-- Jenkins -->
      </class> <!-- Jenkins.JenkinSelenium -->
    </test> <!-- Test -->
  </suite> <!-- Suite -->
</testng-results>
