<?xml version="1.0" encoding="UTF-8"?>
<testng-results skipped="0" failed="0" total="1" passed="1">
  <reporter-output>
  </reporter-output>
  <suite name="Default suite" duration-ms="767" started-at="2020-04-24T15:53:40Z" finished-at="2020-04-24T15:53:40Z">
    <groups>
    </groups>
    <test name="Default test" duration-ms="767" started-at="2020-04-24T15:53:40Z" finished-at="2020-04-24T15:53:40Z">
      <class name="com.extentreport.ExtentReport_Demo">
        <test-method status="PASS" signature="test_report()[pri:0, instance:com.extentreport.ExtentReport_Demo@6ea6d14e]" name="test_report" duration-ms="736" started-at="2020-04-24T21:23:40Z" finished-at="2020-04-24T21:23:40Z">
          <reporter-output>
          </reporter-output>
        </test-method> <!-- test_report -->
      </class> <!-- com.extentreport.ExtentReport_Demo -->
    </test> <!-- Default test -->
  </suite> <!-- Default suite -->
</testng-results>
