<?xml version="1.0" encoding="UTF-8"?>
<testng-results skipped="0" failed="0" total="1" passed="1">
  <reporter-output>
  </reporter-output>
  <suite name="Default suite" duration-ms="8955" started-at="2019-08-10T16:53:44Z" finished-at="2019-08-10T16:53:53Z">
    <groups>
    </groups>
    <test name="Default test" duration-ms="8955" started-at="2019-08-10T16:53:44Z" finished-at="2019-08-10T16:53:53Z">
      <class name="com.primusbank.testcase.VarifyLogin2_parameterize">
        <test-method status="PASS" signature="validate()[pri:0, instance:com.primusbank.testcase.VarifyLogin2_parameterize@4ec6a292]" name="validate" duration-ms="8913" started-at="2019-08-10T22:23:44Z" finished-at="2019-08-10T22:23:53Z">
          <reporter-output>
          </reporter-output>
        </test-method> <!-- validate -->
      </class> <!-- com.primusbank.testcase.VarifyLogin2_parameterize -->
    </test> <!-- Default test -->
  </suite> <!-- Default suite -->
</testng-results>
