<?xml version="1.0" encoding="UTF-8"?>
<testng-results skipped="0" failed="0" total="1" passed="1">
  <reporter-output>
  </reporter-output>
  <suite name="Default suite" duration-ms="31378" started-at="2019-08-11T07:29:20Z" finished-at="2019-08-11T07:29:51Z">
    <groups>
    </groups>
    <test name="Default test" duration-ms="31378" started-at="2019-08-11T07:29:20Z" finished-at="2019-08-11T07:29:51Z">
      <class name="com.primusbank.testcase.WithPF_Varify">
        <test-method status="PASS" signature="validate()[pri:0, instance:com.primusbank.testcase.WithPF_Varify@2aaf7cc2]" name="validate" duration-ms="31356" started-at="2019-08-11T12:59:20Z" finished-at="2019-08-11T12:59:51Z">
          <reporter-output>
          </reporter-output>
        </test-method> <!-- validate -->
      </class> <!-- com.primusbank.testcase.WithPF_Varify -->
    </test> <!-- Default test -->
  </suite> <!-- Default suite -->
</testng-results>
