<?xml version="1.0" encoding="UTF-8"?>
<testng-results skipped="0" failed="0" ignored="0" total="1" passed="1">
  <reporter-output>
  </reporter-output>
  <suite name="Default suite" duration-ms="36277" started-at="2020-06-22T11:57:51Z" finished-at="2020-06-22T11:58:27Z">
    <groups>
    </groups>
    <test name="Default test" duration-ms="36277" started-at="2020-06-22T11:57:51Z" finished-at="2020-06-22T11:58:27Z">
      <class name="Script_Jar.Script_job">
        <test-method status="PASS" signature="invokeBrowser()[pri:0, instance:Script_Jar.Script_job@1bce4f0a]" name="invokeBrowser" duration-ms="36209" started-at="2020-06-22T11:57:51Z" finished-at="2020-06-22T11:58:27Z">
          <reporter-output>
          </reporter-output>
        </test-method> <!-- invokeBrowser -->
      </class> <!-- Script_Jar.Script_job -->
    </test> <!-- Default test -->
  </suite> <!-- Default suite -->
</testng-results>
