<?xml version="1.0" encoding="UTF-8"?>
<testng-results skipped="2" failed="0" total="3" passed="1">
  <reporter-output>
  </reporter-output>
  <suite name="Default suite" duration-ms="28446" started-at="2018-03-29T17:56:05Z" finished-at="2018-03-29T17:56:33Z">
    <groups>
    </groups>
    <test name="Default test" duration-ms="28446" started-at="2018-03-29T17:56:05Z" finished-at="2018-03-29T17:56:33Z">
      <class name="DDT.Primusbank">
        <test-method status="PASS" signature="loginpbank(java.lang.String, java.lang.String)[pri:0, instance:DDT.Primusbank@7921b0a2]" name="loginpbank" duration-ms="28408" started-at="2018-03-29T23:26:05Z" data-provider="pdata" finished-at="2018-03-29T23:26:33Z">
          <params>
            <param index="0">
              <value>
                <![CDATA[admin]]>
              </value>
            </param>
            <param index="1">
              <value>
                <![CDATA[admin]]>
              </value>
            </param>
          </params>
          <reporter-output>
          </reporter-output>
        </test-method> <!-- loginpbank -->
        <test-method status="FAIL" signature="bclose()[pri:0, instance:DDT.Primusbank@7921b0a2]" name="bclose" is-config="true" duration-ms="0" started-at="2018-03-29T23:26:33Z" finished-at="2018-03-29T23:26:33Z">
          <exception class="java.lang.NullPointerException">
            <full-stacktrace>
              <![CDATA[java.lang.NullPointerException
	at DDT.Primusbank.bclose(Primusbank.java:34)
	at sun.reflect.NativeMethodAccessorImpl.invoke0(Native Method)
	at sun.reflect.NativeMethodAccessorImpl.invoke(NativeMethodAccessorImpl.java:62)
	at sun.reflect.DelegatingMethodAccessorImpl.invoke(DelegatingMethodAccessorImpl.java:43)
	at java.lang.reflect.Method.invoke(Method.java:498)
	at org.testng.internal.MethodInvocationHelper.invokeMethod(MethodInvocationHelper.java:85)
	at org.testng.internal.Invoker.invokeConfigurationMethod(Invoker.java:510)
	at org.testng.internal.Invoker.invokeConfigurations(Invoker.java:211)
	at org.testng.internal.Invoker.invokeMethod(Invoker.java:703)
	at org.testng.internal.Invoker.invokeTestMethod(Invoker.java:816)
	at org.testng.internal.Invoker.invokeTestMethods(Invoker.java:1124)
	at org.testng.internal.TestMethodWorker.invokeTestMethods(TestMethodWorker.java:125)
	at org.testng.internal.TestMethodWorker.run(TestMethodWorker.java:108)
	at org.testng.TestRunner.privateRun(TestRunner.java:774)
	at org.testng.TestRunner.run(TestRunner.java:624)
	at org.testng.SuiteRunner.runTest(SuiteRunner.java:359)
	at org.testng.SuiteRunner.runSequentially(SuiteRunner.java:354)
	at org.testng.SuiteRunner.privateRun(SuiteRunner.java:312)
	at org.testng.SuiteRunner.run(SuiteRunner.java:261)
	at org.testng.SuiteRunnerWorker.runSuite(SuiteRunnerWorker.java:52)
	at org.testng.SuiteRunnerWorker.run(SuiteRunnerWorker.java:86)
	at org.testng.TestNG.runSuitesSequentially(TestNG.java:1215)
	at org.testng.TestNG.runSuitesLocally(TestNG.java:1140)
	at org.testng.TestNG.run(TestNG.java:1048)
	at org.testng.remote.AbstractRemoteTestNG.run(AbstractRemoteTestNG.java:114)
	at org.testng.remote.RemoteTestNG.initAndRun(RemoteTestNG.java:251)
	at org.testng.remote.RemoteTestNG.main(RemoteTestNG.java:77)
]]>
            </full-stacktrace>
          </exception> <!-- java.lang.NullPointerException -->
          <reporter-output>
          </reporter-output>
        </test-method> <!-- bclose -->
        <test-method status="SKIP" signature="loginpbank(java.lang.String, java.lang.String)[pri:0, instance:DDT.Primusbank@7921b0a2]" name="loginpbank" duration-ms="1" started-at="2018-03-29T23:26:33Z" data-provider="pdata" finished-at="2018-03-29T23:26:33Z">
          <params>
            <param index="0">
              <value>
                <![CDATA[amin]]>
              </value>
            </param>
            <param index="1">
              <value>
                <![CDATA[adm]]>
              </value>
            </param>
          </params>
          <reporter-output>
          </reporter-output>
        </test-method> <!-- loginpbank -->
        <test-method status="SKIP" signature="bclose()[pri:0, instance:DDT.Primusbank@7921b0a2]" name="bclose" is-config="true" duration-ms="0" started-at="2018-03-29T23:26:33Z" finished-at="2018-03-29T23:26:33Z">
          <reporter-output>
          </reporter-output>
        </test-method> <!-- bclose -->
        <test-method status="SKIP" signature="loginpbank(java.lang.String, java.lang.String)[pri:0, instance:DDT.Primusbank@7921b0a2]" name="loginpbank" duration-ms="1" started-at="2018-03-29T23:26:33Z" data-provider="pdata" finished-at="2018-03-29T23:26:33Z">
          <params>
            <param index="0">
              <value>
                <![CDATA[Admin]]>
              </value>
            </param>
            <param index="1">
              <value>
                <![CDATA[Admin]]>
              </value>
            </param>
          </params>
          <reporter-output>
          </reporter-output>
        </test-method> <!-- loginpbank -->
        <test-method status="SKIP" signature="bclose()[pri:0, instance:DDT.Primusbank@7921b0a2]" name="bclose" is-config="true" duration-ms="0" started-at="2018-03-29T23:26:33Z" finished-at="2018-03-29T23:26:33Z">
          <reporter-output>
          </reporter-output>
        </test-method> <!-- bclose -->
      </class> <!-- DDT.Primusbank -->
    </test> <!-- Default test -->
  </suite> <!-- Default suite -->
</testng-results>
