<?xml version="1.0" encoding="UTF-8"?>
<testng-results skipped="0" failed="0" ignored="0" total="1" passed="1">
  <reporter-output>
  </reporter-output>
  <suite name="Suite" duration-ms="39849" started-at="2019-03-13T06:49:23Z" finished-at="2019-03-13T06:50:02Z">
    <groups>
    </groups>
    <test name="testing" duration-ms="39849" started-at="2019-03-13T06:49:23Z" finished-at="2019-03-13T06:50:02Z">
      <class name="Test_Jenkins.Integrate">
        <test-method status="PASS" signature="run_Test()[pri:0, instance:Test_Jenkins.Integrate@3712b94]" name="run_Test" duration-ms="39820" started-at="2019-03-13T06:49:23Z" finished-at="2019-03-13T06:50:02Z">
          <reporter-output>
          </reporter-output>
        </test-method> <!-- run_Test -->
      </class> <!-- Test_Jenkins.Integrate -->
    </test> <!-- testing -->
  </suite> <!-- Suite -->
</testng-results>
