<?xml version="1.0" encoding="UTF-8"?>
<testng-results skipped="0" failed="0" total="1" passed="1">
  <reporter-output>
  </reporter-output>
  <suite name="Default suite" duration-ms="19136" started-at="2018-03-12T12:50:46Z" finished-at="2018-03-12T12:51:06Z">
    <groups>
    </groups>
    <test name="Default test" duration-ms="19136" started-at="2018-03-12T12:50:46Z" finished-at="2018-03-12T12:51:06Z">
      <class name="DriverFactory.AppTest">
        <test-method status="PASS" signature="kickStart()[pri:0, instance:DriverFactory.AppTest@20e2cbe0]" name="kickStart" duration-ms="19117" started-at="2018-03-12T18:20:46Z" finished-at="2018-03-12T18:21:06Z">
          <reporter-output>
          </reporter-output>
        </test-method> <!-- kickStart -->
      </class> <!-- DriverFactory.AppTest -->
    </test> <!-- Default test -->
  </suite> <!-- Default suite -->
</testng-results>
