<?xml version="1.0" encoding="UTF-8"?>
<testng-results skipped="0" failed="0" ignored="0" total="1" passed="1">
  <reporter-output>
  </reporter-output>
  <suite name="Default suite" duration-ms="22801" started-at="2019-12-04T23:52:06 IST" finished-at="2019-12-04T23:52:29 IST">
    <groups>
    </groups>
    <test name="Default test" duration-ms="22801" started-at="2019-12-04T23:52:06 IST" finished-at="2019-12-04T23:52:29 IST">
      <class name="com.programme.Task_Window_Handle_again">
        <test-method status="PASS" signature="Window_Handle()[pri:0, instance:com.programme.Task_Window_Handle_again@67b92f0a]" name="Window_Handle" duration-ms="22740" started-at="2019-12-04T23:52:06 IST" finished-at="2019-12-04T23:52:29 IST">
          <reporter-output>
          </reporter-output>
        </test-method> <!-- Window_Handle -->
      </class> <!-- com.programme.Task_Window_Handle_again -->
    </test> <!-- Default test -->
  </suite> <!-- Default suite -->
</testng-results>
