<?xml version="1.0" encoding="UTF-8"?>
<!-- Generated by org.testng.reporters.JUnitXMLReporter -->
<testsuite hostname="Kaibalya" name="Test" tests="2" failures="1" timestamp="12 Jun 2018 19:46:40 GMT" time="142.886" errors="0">
  <testcase name="testJenkins" time="87.851" classname="Jenkins.JenkinsDemo">
    <failure type="org.openqa.selenium.WebDriverException" message="Failed to connect to binary FirefoxBinary(C:\Program Files (x86)\Mozilla Firefox\firefox.exe) on port 7055; process output follows: 
17844	DeferredSave.extensions.json	DEBUG	Save changes
1528832717845	addons.xpi	DEBUG	Updating XPIState for {&amp;quot;id&amp;quot;:&amp;quot;fxdriver@googlecode.com&amp;quot;,&amp;quot;syncGUID&amp;quot;:&amp;quot;yRrfou6i81dU&amp;quot;,&amp;quot;location&amp;quot;:&amp;quot;app-profile&amp;quot;,&amp;quot;version&amp;quot;:&amp;quot;2.53.1&amp;quot;,&amp;quot;type&amp;quot;:&amp;quot;extension&amp;quot;,&amp;quot;internalName&amp;quot;:null,&amp;quot;updateURL&amp;quot;:null,&amp;quot;updateKey&amp;quot;:null,&amp;quot;optionsURL&amp;quot;:null,&amp;quot;optionsType&amp;quot;:null,&amp;quot;aboutURL&amp;quot;:null,&amp;quot;iconURL&amp;quot;:null,&amp;quot;icon64URL&amp;quot;:null,&amp;quot;defaultLocale&amp;quot;:{&amp;quot;name&amp;quot;:&amp;quot;Firefox WebDriver&amp;quot;,&amp;quot;description&amp;quot;:&amp;quot;WebDriver implementation for Firefox&amp;quot;,&amp;quot;creator&amp;quot;:&amp;quot;Simon Stewart&amp;quot;,&amp;quot;homepageURL&amp;quot;:null},&amp;quot;visible&amp;quot;:true,&amp;quot;active&amp;quot;:true,&amp;quot;userDisabled&amp;quot;:false,&amp;quot;appDisabled&amp;quot;:false,&amp;quot;descriptor&amp;quot;:&amp;quot;C:\\Windows\\TEMP\\anonymous2347438617641381213webdriver-profile\\extensions\\fxdriver@googlecode.com&amp;quot;,&amp;quot;installDate&amp;quot;:1528832681017,&amp;quot;updateDate&amp;quot;:1528832681017,&amp;quot;applyBackgroundUpdates&amp;quot;:1,&amp;quot;bootstrap&amp;quot;:false,&amp;quot;size&amp;quot;:3249525,&amp;quot;sourceURI&amp;quot;:null,&amp;quot;releaseNotesURI&amp;quot;:null,&amp;quot;softDisabled&amp;quot;:false,&amp;quot;foreignInstall&amp;quot;:true,&amp;quot;hasBinaryComponents&amp;quot;:true,&amp;quot;strictCompatibility&amp;quot;:false,&amp;quot;locales&amp;quot;:[],&amp;quot;targetApplications&amp;quot;:[{&amp;quot;id&amp;quot;:&amp;quot;{ec8030f7-c20a-464f-9b0e-13a3a9e97384}&amp;quot;,&amp;quot;minVersion&amp;quot;:&amp;quot;3.0&amp;quot;,&amp;quot;maxVersion&amp;quot;:&amp;quot;48.0&amp;quot;}],&amp;quot;targetPlatforms&amp;quot;:[{&amp;quot;os&amp;quot;:&amp;quot;Darwin&amp;quot;,&amp;quot;abi&amp;quot;:null},{&amp;quot;os&amp;quot;:&amp;quot;SunOS&amp;quot;,&amp;quot;abi&amp;quot;:null},{&amp;quot;os&amp;quot;:&amp;quot;FreeBSD&amp;quot;,&amp;quot;abi&amp;quot;:null},{&amp;quot;os&amp;quot;:&amp;quot;OpenBSD&amp;quot;,&amp;quot;abi&amp;quot;:null},{&amp;quot;os&amp;quot;:&amp;quot;WINNT&amp;quot;,&amp;quot;abi&amp;quot;:null},{&amp;quot;os&amp;quot;:&amp;quot;Linux&amp;quot;,&amp;quot;abi&amp;quot;:null}],&amp;quot;multiprocessCompatible&amp;quot;:false,&amp;quot;signedState&amp;quot;:0}
1528832717845	addons.xpi	DEBUG	getModTime: Recursive scan of fxdriver@googlecode.com
1528832717854	addons.xpi	DEBUG	New add-on {972ce4c6-7e08-4474-a285-3208198ce6fd} installed in app-global
1528832717862	DeferredSave.extensions.json	DEBUG	Starting timer
1528832717864	addons.xpi-utils	DEBUG	Make addon app-global:{972ce4c6-7e08-4474-a285-3208198ce6fd} visible
1528832717864	DeferredSave.extensions.json	DEBUG	Save changes
1528832717864	DeferredSave.extensions.json	DEBUG	Save changes
1528832717864	addons.xpi	DEBUG	Updating XPIState for {&amp;quot;id&amp;quot;:&amp;quot;{972ce4c6-7e08-4474-a285-3208198ce6fd}&amp;quot;,&amp;quot;syncGUID&amp;quot;:&amp;quot;8Idt17rkZ7J7&amp;quot;,&amp;quot;location&amp;quot;:&amp;quot;app-global&amp;quot;,&amp;quot;version&amp;quot;:&amp;quot;41.0&amp;quot;,&amp;quot;type&amp;quot;:&amp;quot;theme&amp;quot;,&amp;quot;internalName&amp;quot;:&amp;quot;classic/1.0&amp;quot;,&amp;quot;updateURL&amp;quot;:null,&amp;quot;updateKey&amp;quot;:null,&amp;quot;optionsURL&amp;quot;:null,&amp;quot;optionsType&amp;quot;:null,&amp;quot;aboutURL&amp;quot;:null,&amp;quot;iconURL&amp;quot;:null,&amp;quot;icon64URL&amp;quot;:null,&amp;quot;defaultLocale&amp;quot;:{&amp;quot;name&amp;quot;:&amp;quot;Default&amp;quot;,&amp;quot;description&amp;quot;:&amp;quot;The default theme.&amp;quot;,&amp;quot;creator&amp;quot;:&amp;quot;Mozilla&amp;quot;,&amp;quot;homepageURL&amp;quot;:null,&amp;quot;contributors&amp;quot;:[&amp;quot;Mozilla Contributors&amp;quot;]},&amp;quot;visible&amp;quot;:true,&amp;quot;active&amp;quot;:true,&amp;quot;userDisabled&amp;quot;:false,&amp;quot;appDisabled&amp;quot;:false,&amp;quot;descriptor&amp;quot;:&amp;quot;C:\\Program Files (x86)\\Mozilla Firefox\\browser\\extensions\\{972ce4c6-7e08-4474-a285-3208198ce6fd}&amp;quot;,&amp;quot;installDate&amp;quot;:1520852221814,&amp;quot;updateDate&amp;quot;:1520852221814,&amp;quot;applyBackgroundUpdates&amp;quot;:1,&amp;quot;skinnable&amp;quot;:true,&amp;quot;size&amp;quot;:22981,&amp;quot;sourceURI&amp;quot;:null,&amp;quot;releaseNotesURI&amp;quot;:null,&amp;quot;softDisabled&amp;quot;:false,&amp;quot;foreignInstall&amp;quot;:false,&amp;quot;hasBinaryComponents&amp;quot;:false,&amp;quot;strictCompatibility&amp;quot;:true,&amp;quot;locales&amp;quot;:[],&amp;quot;targetApplications&amp;quot;:[{&amp;quot;id&amp;quot;:&amp;quot;{ec8030f7-c20a-464f-9b0e-13a3a9e97384}&amp;quot;,&amp;quot;minVersion&amp;quot;:&amp;quot;41.0&amp;quot;,&amp;quot;maxVersion&amp;quot;:&amp;quot;41.0&amp;quot;}],&amp;quot;targetPlatforms&amp;quot;:[]}
1528832717864	addons.xpi	DEBUG	getModTime: Recursive scan of {972ce4c6-7e08-4474-a285-3208198ce6fd}
1528832717865	addons.xpi	DEBUG	Updating database with changes to installed add-ons
1528832717865	addons.xpi-utils	DEBUG	Updating add-on states
1528832717866	addons.xpi-utils	DEBUG	Writing add-ons list
1528832717875	addons.manager	DEBUG	Registering shutdown blocker for XPIProvider
1528832717875	addons.manager	DEBUG	Provider finished startup: XPIProvider
1528832717875	addons.manager	DEBUG	Starting provider: LightweightThemeManager
1528832717875	addons.manager	DEBUG	Registering shutdown blocker for LightweightThemeManager
1528832717875	addons.manager	DEBUG	Provider finished startup: LightweightThemeManager
1528832717876	addons.manager	DEBUG	Starting provider: GMPProvider
1528832717880	addons.manager	DEBUG	Registering shutdown blocker for GMPProvider
1528832717880	addons.manager	DEBUG	Provider finished startup: GMPProvider
1528832717880	addons.manager	DEBUG	Starting provider: PluginProvider
1528832717880	addons.manager	DEBUG	Registering shutdown blocker for PluginProvider
1528832717880	addons.manager	DEBUG	Provider finished startup: PluginProvider
1528832717881	addons.manager	DEBUG	Completed startup sequence

Build info: version: &amp;apos;2.53.1&amp;apos;, revision: &amp;apos;a36b8b1&amp;apos;, time: &amp;apos;2016-06-30 17:37:03&amp;apos;
System info: host: &amp;apos;Kaibalya&amp;apos;, ip: &amp;apos;192.168.100.15&amp;apos;, os.name: &amp;apos;Windows 8.1&amp;apos;, os.arch: &amp;apos;amd64&amp;apos;, os.version: &amp;apos;6.3&amp;apos;, java.version: &amp;apos;1.8.0_131&amp;apos;
Driver info: driver.version: FirefoxDriver">
      <![CDATA[org.openqa.selenium.WebDriverException: Failed to connect to binary FirefoxBinary(C:\Program Files (x86)\Mozilla Firefox\firefox.exe) on port 7055; process output follows: 
17844	DeferredSave.extensions.json	DEBUG	Save changes
1528832717845	addons.xpi	DEBUG	Updating XPIState for {"id":"fxdriver@googlecode.com","syncGUID":"yRrfou6i81dU","location":"app-profile","version":"2.53.1","type":"extension","internalName":null,"updateURL":null,"updateKey":null,"optionsURL":null,"optionsType":null,"aboutURL":null,"iconURL":null,"icon64URL":null,"defaultLocale":{"name":"Firefox WebDriver","description":"WebDriver implementation for Firefox","creator":"Simon Stewart","homepageURL":null},"visible":true,"active":true,"userDisabled":false,"appDisabled":false,"descriptor":"C:\\Windows\\TEMP\\anonymous2347438617641381213webdriver-profile\\extensions\\fxdriver@googlecode.com","installDate":1528832681017,"updateDate":1528832681017,"applyBackgroundUpdates":1,"bootstrap":false,"size":3249525,"sourceURI":null,"releaseNotesURI":null,"softDisabled":false,"foreignInstall":true,"hasBinaryComponents":true,"strictCompatibility":false,"locales":[],"targetApplications":[{"id":"{ec8030f7-c20a-464f-9b0e-13a3a9e97384}","minVersion":"3.0","maxVersion":"48.0"}],"targetPlatforms":[{"os":"Darwin","abi":null},{"os":"SunOS","abi":null},{"os":"FreeBSD","abi":null},{"os":"OpenBSD","abi":null},{"os":"WINNT","abi":null},{"os":"Linux","abi":null}],"multiprocessCompatible":false,"signedState":0}
1528832717845	addons.xpi	DEBUG	getModTime: Recursive scan of fxdriver@googlecode.com
1528832717854	addons.xpi	DEBUG	New add-on {972ce4c6-7e08-4474-a285-3208198ce6fd} installed in app-global
1528832717862	DeferredSave.extensions.json	DEBUG	Starting timer
1528832717864	addons.xpi-utils	DEBUG	Make addon app-global:{972ce4c6-7e08-4474-a285-3208198ce6fd} visible
1528832717864	DeferredSave.extensions.json	DEBUG	Save changes
1528832717864	DeferredSave.extensions.json	DEBUG	Save changes
1528832717864	addons.xpi	DEBUG	Updating XPIState for {"id":"{972ce4c6-7e08-4474-a285-3208198ce6fd}","syncGUID":"8Idt17rkZ7J7","location":"app-global","version":"41.0","type":"theme","internalName":"classic/1.0","updateURL":null,"updateKey":null,"optionsURL":null,"optionsType":null,"aboutURL":null,"iconURL":null,"icon64URL":null,"defaultLocale":{"name":"Default","description":"The default theme.","creator":"Mozilla","homepageURL":null,"contributors":["Mozilla Contributors"]},"visible":true,"active":true,"userDisabled":false,"appDisabled":false,"descriptor":"C:\\Program Files (x86)\\Mozilla Firefox\\browser\\extensions\\{972ce4c6-7e08-4474-a285-3208198ce6fd}","installDate":1520852221814,"updateDate":1520852221814,"applyBackgroundUpdates":1,"skinnable":true,"size":22981,"sourceURI":null,"releaseNotesURI":null,"softDisabled":false,"foreignInstall":false,"hasBinaryComponents":false,"strictCompatibility":true,"locales":[],"targetApplications":[{"id":"{ec8030f7-c20a-464f-9b0e-13a3a9e97384}","minVersion":"41.0","maxVersion":"41.0"}],"targetPlatforms":[]}
1528832717864	addons.xpi	DEBUG	getModTime: Recursive scan of {972ce4c6-7e08-4474-a285-3208198ce6fd}
1528832717865	addons.xpi	DEBUG	Updating database with changes to installed add-ons
1528832717865	addons.xpi-utils	DEBUG	Updating add-on states
1528832717866	addons.xpi-utils	DEBUG	Writing add-ons list
1528832717875	addons.manager	DEBUG	Registering shutdown blocker for XPIProvider
1528832717875	addons.manager	DEBUG	Provider finished startup: XPIProvider
1528832717875	addons.manager	DEBUG	Starting provider: LightweightThemeManager
1528832717875	addons.manager	DEBUG	Registering shutdown blocker for LightweightThemeManager
1528832717875	addons.manager	DEBUG	Provider finished startup: LightweightThemeManager
1528832717876	addons.manager	DEBUG	Starting provider: GMPProvider
1528832717880	addons.manager	DEBUG	Registering shutdown blocker for GMPProvider
1528832717880	addons.manager	DEBUG	Provider finished startup: GMPProvider
1528832717880	addons.manager	DEBUG	Starting provider: PluginProvider
1528832717880	addons.manager	DEBUG	Registering shutdown blocker for PluginProvider
1528832717880	addons.manager	DEBUG	Provider finished startup: PluginProvider
1528832717881	addons.manager	DEBUG	Completed startup sequence

Build info: version: '2.53.1', revision: 'a36b8b1', time: '2016-06-30 17:37:03'
System info: host: 'Kaibalya', ip: '192.168.100.15', os.name: 'Windows 8.1', os.arch: 'amd64', os.version: '6.3', java.version: '1.8.0_131'
Driver info: driver.version: FirefoxDriver
	at org.openqa.selenium.firefox.internal.NewProfileExtensionConnection.start(NewProfileExtensionConnection.java:124)
	at org.openqa.selenium.firefox.FirefoxDriver.startClient(FirefoxDriver.java:271)
	at org.openqa.selenium.remote.RemoteWebDriver.<init>(RemoteWebDriver.java:119)
	at org.openqa.selenium.firefox.FirefoxDriver.<init>(FirefoxDriver.java:218)
	at org.openqa.selenium.firefox.FirefoxDriver.<init>(FirefoxDriver.java:211)
	at org.openqa.selenium.firefox.FirefoxDriver.<init>(FirefoxDriver.java:207)
	at org.openqa.selenium.firefox.FirefoxDriver.<init>(FirefoxDriver.java:120)
	at Jenkins.JenkinsDemo.testJenkins(JenkinsDemo.java:13)
Caused by: org.openqa.selenium.firefox.NotConnectedException: Unable to connect to host 127.0.0.1 on port 7055 after 45000 ms. Firefox console output:
17844	DeferredSave.extensions.json	DEBUG	Save changes
1528832717845	addons.xpi	DEBUG	Updating XPIState for {"id":"fxdriver@googlecode.com","syncGUID":"yRrfou6i81dU","location":"app-profile","version":"2.53.1","type":"extension","internalName":null,"updateURL":null,"updateKey":null,"optionsURL":null,"optionsType":null,"aboutURL":null,"iconURL":null,"icon64URL":null,"defaultLocale":{"name":"Firefox WebDriver","description":"WebDriver implementation for Firefox","creator":"Simon Stewart","homepageURL":null},"visible":true,"active":true,"userDisabled":false,"appDisabled":false,"descriptor":"C:\\Windows\\TEMP\\anonymous2347438617641381213webdriver-profile\\extensions\\fxdriver@googlecode.com","installDate":1528832681017,"updateDate":1528832681017,"applyBackgroundUpdates":1,"bootstrap":false,"size":3249525,"sourceURI":null,"releaseNotesURI":null,"softDisabled":false,"foreignInstall":true,"hasBinaryComponents":true,"strictCompatibility":false,"locales":[],"targetApplications":[{"id":"{ec8030f7-c20a-464f-9b0e-13a3a9e97384}","minVersion":"3.0","maxVersion":"48.0"}],"targetPlatforms":[{"os":"Darwin","abi":null},{"os":"SunOS","abi":null},{"os":"FreeBSD","abi":null},{"os":"OpenBSD","abi":null},{"os":"WINNT","abi":null},{"os":"Linux","abi":null}],"multiprocessCompatible":false,"signedState":0}
1528832717845	addons.xpi	DEBUG	getModTime: Recursive scan of fxdriver@googlecode.com
1528832717854	addons.xpi	DEBUG	New add-on {972ce4c6-7e08-4474-a285-3208198ce6fd} installed in app-global
1528832717862	DeferredSave.extensions.json	DEBUG	Starting timer
1528832717864	addons.xpi-utils	DEBUG	Make addon app-global:{972ce4c6-7e08-4474-a285-3208198ce6fd} visible
1528832717864	DeferredSave.extensions.json	DEBUG	Save changes
1528832717864	DeferredSave.extensions.json	DEBUG	Save changes
1528832717864	addons.xpi	DEBUG	Updating XPIState for {"id":"{972ce4c6-7e08-4474-a285-3208198ce6fd}","syncGUID":"8Idt17rkZ7J7","location":"app-global","version":"41.0","type":"theme","internalName":"classic/1.0","updateURL":null,"updateKey":null,"optionsURL":null,"optionsType":null,"aboutURL":null,"iconURL":null,"icon64URL":null,"defaultLocale":{"name":"Default","description":"The default theme.","creator":"Mozilla","homepageURL":null,"contributors":["Mozilla Contributors"]},"visible":true,"active":true,"userDisabled":false,"appDisabled":false,"descriptor":"C:\\Program Files (x86)\\Mozilla Firefox\\browser\\extensions\\{972ce4c6-7e08-4474-a285-3208198ce6fd}","installDate":1520852221814,"updateDate":1520852221814,"applyBackgroundUpdates":1,"skinnable":true,"size":22981,"sourceURI":null,"releaseNotesURI":null,"softDisabled":false,"foreignInstall":false,"hasBinaryComponents":false,"strictCompatibility":true,"locales":[],"targetApplications":[{"id":"{ec8030f7-c20a-464f-9b0e-13a3a9e97384}","minVersion":"41.0","maxVersion":"41.0"}],"targetPlatforms":[]}
1528832717864	addons.xpi	DEBUG	getModTime: Recursive scan of {972ce4c6-7e08-4474-a285-3208198ce6fd}
1528832717865	addons.xpi	DEBUG	Updating database with changes to installed add-ons
1528832717865	addons.xpi-utils	DEBUG	Updating add-on states
1528832717866	addons.xpi-utils	DEBUG	Writing add-ons list
1528832717875	addons.manager	DEBUG	Registering shutdown blocker for XPIProvider
1528832717875	addons.manager	DEBUG	Provider finished startup: XPIProvider
1528832717875	addons.manager	DEBUG	Starting provider: LightweightThemeManager
1528832717875	addons.manager	DEBUG	Registering shutdown blocker for LightweightThemeManager
1528832717875	addons.manager	DEBUG	Provider finished startup: LightweightThemeManager
1528832717876	addons.manager	DEBUG	Starting provider: GMPProvider
1528832717880	addons.manager	DEBUG	Registering shutdown blocker for GMPProvider
1528832717880	addons.manager	DEBUG	Provider finished startup: GMPProvider
1528832717880	addons.manager	DEBUG	Starting provider: PluginProvider
1528832717880	addons.manager	DEBUG	Registering shutdown blocker for PluginProvider
1528832717880	addons.manager	DEBUG	Provider finished startup: PluginProvider
1528832717881	addons.manager	DEBUG	Completed startup sequence

	at org.openqa.selenium.firefox.internal.NewProfileExtensionConnection.start(NewProfileExtensionConnection.java:112)
	... 30 more
... Removed 23 stack frames]]>
    </failure>
  </testcase> <!-- testJenkins -->
  <testcase name="Jenkins" time="55.018" classname="Jenkins.JenkinSelenium"/>
</testsuite> <!-- Test -->
