<?xml version="1.0" encoding="UTF-8"?>
<testng-results skipped="0" failed="0" ignored="0" total="1" passed="1">
  <reporter-output>
  </reporter-output>
  <suite name="Suite" duration-ms="33164" started-at="2020-05-26T13:15:02Z" finished-at="2020-05-26T13:15:35Z">
    <groups>
    </groups>
    <test name="Test" duration-ms="33164" started-at="2020-05-26T13:15:02Z" finished-at="2020-05-26T13:15:35Z">
      <class name="test.NewTest">
        <test-method status="PASS" signature="first()[pri:0, instance:test.NewTest@1bce4f0a]" name="first" duration-ms="33062" started-at="2020-05-26T13:15:02Z" finished-at="2020-05-26T13:15:35Z">
          <reporter-output>
          </reporter-output>
        </test-method> <!-- first -->
      </class> <!-- test.NewTest -->
    </test> <!-- Test -->
  </suite> <!-- Suite -->
</testng-results>
